<?xml version="1.0" encoding="UTF-8"?>
<!-- Generated by org.testng.reporters.JUnitReportReporter -->
<testsuite skipped="0" hostname="INLaptop135.local" name="Tests.FirstTest" tests="4" failures="0" timestamp="28 Dec 2018 13:12:57 GMT" time="4.780" errors="4">
  <testcase name="GOOGLE0" time="1.926" classname="Tests.FirstTest">
    <error type="org.openqa.selenium.WebDriverException" message="Unable to parse remote response: &lt;html&gt;&lt;head&gt;&lt;script src=&#039;/grid/resources/org/openqa/grid/images/jquery-3.1.1.min.js&#039;&gt;&lt;/script&gt;&lt;script src=&#039;/grid/resources/org/openqa/grid/images/consoleservlet.js&#039;&gt;&lt;/script&gt;&lt;link href=&#039;/grid/resources/org/openqa/grid/images/consoleservlet.css&#039; rel=&#039;stylesheet&#039; type=&#039;text/css&#039; /&gt;&lt;link href=&#039;/grid/resources/org/openqa/grid/images/favicon.ico&#039; rel=&#039;icon&#039; type=&#039;image/x-icon&#039; /&gt;&lt;title&gt;Grid Console&lt;/title&gt;&lt;style&gt;.busy { opacity : 0.4;filter: alpha(opacity=40);}&lt;/style&gt;&lt;/head&gt;&lt;body&gt;&lt;div id=&#039;main-content&#039;&gt;&lt;div id=&#039;header&#039;&gt;&lt;h1&gt;&lt;a href=&#039;/grid/console&#039;&gt;Selenium&lt;/a&gt;&lt;/h1&gt;&lt;h2&gt;Grid Console v.3.11.0&lt;/h2&gt;&lt;div&gt;&lt;a id=&#039;helplink&#039; target=&#039;_blank&#039; href=&#039;https://github.com/SeleniumHQ/selenium/wiki/Grid2&#039;&gt;Help&lt;/a&gt;&lt;/div&gt;&lt;/div&gt;&lt;div id=&#039;left-column&#039;&gt;&lt;div class=&#039;proxy&#039;&gt;&lt;p class=&#039;proxyname&#039;&gt;DefaultRemoteProxy (version : 3.11.0)&lt;p class=&#039;proxyid&#039;&gt;id : http://172.18.0.3:5555, OS : LINUX&lt;/p&gt;&lt;div class=&#039;tabs&#039;&gt;&lt;ul&gt;&lt;li class=&#039;tab&#039; type=&#039;browsers&#039;&gt;&lt;a title=&#039;test slots&#039; href=&#039;#&#039;&gt;Browsers&lt;/a&gt;&lt;/li&gt;&lt;li class=&#039;tab&#039; type=&#039;config&#039;&gt;&lt;a title=&#039;node configuration&#039; href=&#039;#&#039;&gt;Configuration&lt;/a&gt;&lt;/li&gt;&lt;/ul&gt;&lt;/div&gt;&lt;div class=&#039;content&#039;&gt;&lt;div type=&#039;browsers&#039; class=&#039;content_detail&#039;&gt;&lt;p class=&#039;protocol&#039; &gt;WebDriver&lt;/p&gt;&lt;p&gt;v:66.0.3359.117&lt;img src=&#039;/grid/resources/org/openqa/grid/images/chrome.png&#039; width=&#039;16&#039; height=&#039;16&#039; title=&#039;{server:CONFIG_UUID=d44a8965-f452-4204-9cab-f4a26e04294a, seleniumProtocol=WebDriver, browserName=chrome, maxInstances=1, platformName=LINUX, version=66.0.3359.117, applicationName=, platform=LINUX}&#039; /&gt;
&lt;/p&gt;&lt;/div&gt;&lt;div type=&#039;config&#039; class=&#039;content_detail&#039;&gt;&lt;p&gt;browserTimeout: 0&lt;/p&gt;&lt;p&gt;debug: false&lt;/p&gt;&lt;p&gt;jettyMaxThreads: -1&lt;/p&gt;&lt;p&gt;port: 5555&lt;/p&gt;&lt;p&gt;role: node&lt;/p&gt;&lt;p&gt;timeout: 1800&lt;/p&gt;&lt;p&gt;cleanUpCycle: 5000&lt;/p&gt;&lt;p&gt;host: 172.18.0.3&lt;/p&gt;&lt;p&gt;maxSession: 1&lt;/p&gt;&lt;p&gt;capabilities: Capabilities {applicationName: , browserName: chrome, maxInstances: 1, platform: LINUX, platformName: LINUX, seleniumProtocol: WebDriver, server:CONFIG_UUID: d44a8965-f452-4204-9cab-f4a..., version: 66.0.3359.117}&lt;/p&gt;&lt;p&gt;downPollingLimit: 2&lt;/p&gt;&lt;p&gt;hub: http://selenium-hub:4444/grid/register&lt;/p&gt;&lt;p&gt;id: http://172.18.0.3:5555&lt;/p&gt;&lt;p&gt;nodePolling: 5000&lt;/p&gt;&lt;p&gt;nodeStatusCheckTimeout: 5000&lt;/p&gt;&lt;p&gt;proxy: org.openqa.grid.selenium.proxy.DefaultRemoteProxy&lt;/p&gt;&lt;p&gt;register: true&lt;/p&gt;&lt;p&gt;registerCycle: 5000&lt;/p&gt;&lt;p&gt;remoteHost: http://172.18.0.3:5555&lt;/p&gt;&lt;p&gt;unregisterIfStillDownAfter: 60000&lt;/p&gt;&lt;/div&gt;&lt;/div&gt;&lt;/div&gt;&lt;/div&gt;&lt;div id=&#039;right-column&#039;&gt;&lt;div class=&#039;proxy&#039;&gt;&lt;p class=&#039;proxyname&#039;&gt;DefaultRemoteProxy (version : 3.11.0)&lt;p class=&#039;proxyid&#039;&gt;id : http://172.18.0.4:5555, OS : LINUX&lt;/p&gt;&lt;div class=&#039;tabs&#039;&gt;&lt;ul&gt;&lt;li class=&#039;tab&#039; type=&#039;browsers&#039;&gt;&lt;a title=&#039;test slots&#039; href=&#039;#&#039;&gt;Browsers&lt;/a&gt;&lt;/li&gt;&lt;li class=&#039;tab&#039; type=&#039;config&#039;&gt;&lt;a title=&#039;node configuration&#039; href=&#039;#&#039;&gt;Configuration&lt;/a&gt;&lt;/li&gt;&lt;/ul&gt;&lt;/div&gt;&lt;div class=&#039;content&#039;&gt;&lt;div type=&#039;browsers&#039; class=&#039;content_detail&#039;&gt;&lt;p class=&#039;protocol&#039; &gt;WebDriver&lt;/p&gt;&lt;p&gt;v:59.0.2&lt;img src=&#039;/grid/resources/org/openqa/grid/images/firefox.png&#039; width=&#039;16&#039; height=&#039;16&#039; title=&#039;{server:CONFIG_UUID=87406c19-b1ea-4bb8-85b2-3b246a82c88c, seleniumProtocol=WebDriver, browserName=firefox, maxInstances=1, moz:firefoxOptions={log={level=info}}, platformName=LINUX, version=59.0.2, applicationName=, platform=LINUX}&#039; /&gt;
&lt;/p&gt;&lt;/div&gt;&lt;div type=&#039;config&#039; class=&#039;content_detail&#039;&gt;&lt;p&gt;browserTimeout: 0&lt;/p&gt;&lt;p&gt;debug: false&lt;/p&gt;&lt;p&gt;jettyMaxThreads: -1&lt;/p&gt;&lt;p&gt;port: 5555&lt;/p&gt;&lt;p&gt;role: node&lt;/p&gt;&lt;p&gt;timeout: 1800&lt;/p&gt;&lt;p&gt;cleanUpCycle: 5000&lt;/p&gt;&lt;p&gt;host: 172.18.0.4&lt;/p&gt;&lt;p&gt;maxSession: 1&lt;/p&gt;&lt;p&gt;capabilities: Capabilities {applicationName: , browserName: firefox, maxInstances: 1, moz:firefoxOptions: {log: {level: info}}, platform: LINUX, platformName: LINUX, seleniumProtocol: WebDriver, server:CONFIG_UUID: 87406c19-b1ea-4bb8-85b2-3b2..., version: 59.0.2}&lt;/p&gt;&lt;p&gt;downPollingLimit: 2&lt;/p&gt;&lt;p&gt;hub: http://selenium-hub:4444/grid/register&lt;/p&gt;&lt;p&gt;id: http://172.18.0.4:5555&lt;/p&gt;&lt;p&gt;nodePolling: 5000&lt;/p&gt;&lt;p&gt;nodeStatusCheckTimeout: 5000&lt;/p&gt;&lt;p&gt;proxy: org.openqa.grid.selenium.proxy.DefaultRemoteProxy&lt;/p&gt;&lt;p&gt;register: true&lt;/p&gt;&lt;p&gt;registerCycle: 5000&lt;/p&gt;&lt;p&gt;remoteHost: http://172.18.0.4:5555&lt;/p&gt;&lt;p&gt;unregisterIfStillDownAfter: 60000&lt;/p&gt;&lt;/div&gt;&lt;/div&gt;&lt;/div&gt;&lt;/div&gt;&lt;div class=&#039;clearfix&#039;&gt;&lt;/div&gt;&lt;div&gt;&lt;ul&gt;&lt;/ul&gt;&lt;/div&gt;&lt;a href=&#039;?config=true&amp;configDebug=true&#039;&gt;view config&lt;/a&gt;&lt;/div&gt;&lt;/body&gt;&lt;/html&gt;
Build info: version: &#039;3.11.0&#039;, revision: &#039;e59cfb3&#039;, time: &#039;2018-03-11T20:26:55.152Z&#039;
System info: host: &#039;INLaptop135.local&#039;, ip: &#039;fe80:0:0:0:14db:5a0:1e5c:3fc4%en0&#039;, os.name: &#039;Mac OS X&#039;, os.arch: &#039;x86_64&#039;, os.version: &#039;10.13.6&#039;, java.version: &#039;1.8.0_191&#039;
Driver info: driver.version: RemoteWebDriver">
      <![CDATA[org.openqa.selenium.WebDriverException: Unable to parse remote response: <html><head><script src='/grid/resources/org/openqa/grid/images/jquery-3.1.1.min.js'></script><script src='/grid/resources/org/openqa/grid/images/consoleservlet.js'></script><link href='/grid/resources/org/openqa/grid/images/consoleservlet.css' rel='stylesheet' type='text/css' /><link href='/grid/resources/org/openqa/grid/images/favicon.ico' rel='icon' type='image/x-icon' /><title>Grid Console</title><style>.busy { opacity : 0.4;filter: alpha(opacity=40);}</style></head><body><div id='main-content'><div id='header'><h1><a href='/grid/console'>Selenium</a></h1><h2>Grid Console v.3.11.0</h2><div><a id='helplink' target='_blank' href='https://github.com/SeleniumHQ/selenium/wiki/Grid2'>Help</a></div></div><div id='left-column'><div class='proxy'><p class='proxyname'>DefaultRemoteProxy (version : 3.11.0)<p class='proxyid'>id : http://172.18.0.3:5555, OS : LINUX</p><div class='tabs'><ul><li class='tab' type='browsers'><a title='test slots' href='#'>Browsers</a></li><li class='tab' type='config'><a title='node configuration' href='#'>Configuration</a></li></ul></div><div class='content'><div type='browsers' class='content_detail'><p class='protocol' >WebDriver</p><p>v:66.0.3359.117<img src='/grid/resources/org/openqa/grid/images/chrome.png' width='16' height='16' title='{server:CONFIG_UUID=d44a8965-f452-4204-9cab-f4a26e04294a, seleniumProtocol=WebDriver, browserName=chrome, maxInstances=1, platformName=LINUX, version=66.0.3359.117, applicationName=, platform=LINUX}' />
</p></div><div type='config' class='content_detail'><p>browserTimeout: 0</p><p>debug: false</p><p>jettyMaxThreads: -1</p><p>port: 5555</p><p>role: node</p><p>timeout: 1800</p><p>cleanUpCycle: 5000</p><p>host: 172.18.0.3</p><p>maxSession: 1</p><p>capabilities: Capabilities {applicationName: , browserName: chrome, maxInstances: 1, platform: LINUX, platformName: LINUX, seleniumProtocol: WebDriver, server:CONFIG_UUID: d44a8965-f452-4204-9cab-f4a..., version: 66.0.3359.117}</p><p>downPollingLimit: 2</p><p>hub: http://selenium-hub:4444/grid/register</p><p>id: http://172.18.0.3:5555</p><p>nodePolling: 5000</p><p>nodeStatusCheckTimeout: 5000</p><p>proxy: org.openqa.grid.selenium.proxy.DefaultRemoteProxy</p><p>register: true</p><p>registerCycle: 5000</p><p>remoteHost: http://172.18.0.3:5555</p><p>unregisterIfStillDownAfter: 60000</p></div></div></div></div><div id='right-column'><div class='proxy'><p class='proxyname'>DefaultRemoteProxy (version : 3.11.0)<p class='proxyid'>id : http://172.18.0.4:5555, OS : LINUX</p><div class='tabs'><ul><li class='tab' type='browsers'><a title='test slots' href='#'>Browsers</a></li><li class='tab' type='config'><a title='node configuration' href='#'>Configuration</a></li></ul></div><div class='content'><div type='browsers' class='content_detail'><p class='protocol' >WebDriver</p><p>v:59.0.2<img src='/grid/resources/org/openqa/grid/images/firefox.png' width='16' height='16' title='{server:CONFIG_UUID=87406c19-b1ea-4bb8-85b2-3b246a82c88c, seleniumProtocol=WebDriver, browserName=firefox, maxInstances=1, moz:firefoxOptions={log={level=info}}, platformName=LINUX, version=59.0.2, applicationName=, platform=LINUX}' />
</p></div><div type='config' class='content_detail'><p>browserTimeout: 0</p><p>debug: false</p><p>jettyMaxThreads: -1</p><p>port: 5555</p><p>role: node</p><p>timeout: 1800</p><p>cleanUpCycle: 5000</p><p>host: 172.18.0.4</p><p>maxSession: 1</p><p>capabilities: Capabilities {applicationName: , browserName: firefox, maxInstances: 1, moz:firefoxOptions: {log: {level: info}}, platform: LINUX, platformName: LINUX, seleniumProtocol: WebDriver, server:CONFIG_UUID: 87406c19-b1ea-4bb8-85b2-3b2..., version: 59.0.2}</p><p>downPollingLimit: 2</p><p>hub: http://selenium-hub:4444/grid/register</p><p>id: http://172.18.0.4:5555</p><p>nodePolling: 5000</p><p>nodeStatusCheckTimeout: 5000</p><p>proxy: org.openqa.grid.selenium.proxy.DefaultRemoteProxy</p><p>register: true</p><p>registerCycle: 5000</p><p>remoteHost: http://172.18.0.4:5555</p><p>unregisterIfStillDownAfter: 60000</p></div></div></div></div><div class='clearfix'></div><div><ul></ul></div><a href='?config=true&configDebug=true'>view config</a></div></body></html>
Build info: version: '3.11.0', revision: 'e59cfb3', time: '2018-03-11T20:26:55.152Z'
System info: host: 'INLaptop135.local', ip: 'fe80:0:0:0:14db:5a0:1e5c:3fc4%en0', os.name: 'Mac OS X', os.arch: 'x86_64', os.version: '10.13.6', java.version: '1.8.0_191'
Driver info: driver.version: RemoteWebDriver
at org.openqa.selenium.remote.ProtocolHandshake.createSession(ProtocolHandshake.java:111)
at org.openqa.selenium.remote.ProtocolHandshake.createSession(ProtocolHandshake.java:73)
at org.openqa.selenium.remote.HttpCommandExecutor.execute(HttpCommandExecutor.java:136)
at org.openqa.selenium.remote.RemoteWebDriver.execute(RemoteWebDriver.java:545)
at org.openqa.selenium.remote.RemoteWebDriver.startSession(RemoteWebDriver.java:209)
at org.openqa.selenium.remote.RemoteWebDriver.<init>(RemoteWebDriver.java:132)
at org.openqa.selenium.remote.RemoteWebDriver.<init>(RemoteWebDriver.java:145)
at DriverFactory.TLDriverFactory.setDriver(TLDriverFactory.java:45)
at Listener.InvokedMethodListener.beforeInvocation(InvokedMethodListener.java:17)
at org.testng.internal.invokers.InvokedMethodListenerInvoker$InvokeBeforeInvocationWithoutContextStrategy.callMethod(InvokedMethodListenerInvoker.java:84)
at org.testng.internal.invokers.InvokedMethodListenerInvoker.invokeListener(InvokedMethodListenerInvoker.java:62)
at org.testng.internal.Invoker.runInvokedMethodListeners(Invoker.java:490)
at org.testng.internal.Invoker.invokeMethod(Invoker.java:560)
at org.testng.internal.Invoker.invokeTestMethod(Invoker.java:716)
at org.testng.internal.Invoker.invokeTestMethods(Invoker.java:988)
at org.testng.internal.TestMethodWorker.invokeTestMethods(TestMethodWorker.java:125)
at org.testng.internal.TestMethodWorker.run(TestMethodWorker.java:109)
at org.testng.TestRunner.privateRun(TestRunner.java:648)
at org.testng.TestRunner.run(TestRunner.java:505)
at org.testng.SuiteRunner.runTest(SuiteRunner.java:455)
at org.testng.SuiteRunner.access$000(SuiteRunner.java:40)
at org.testng.SuiteRunner$SuiteWorker.run(SuiteRunner.java:489)
at org.testng.internal.thread.ThreadUtil$1.call(ThreadUtil.java:52)
at java.util.concurrent.FutureTask.run(FutureTask.java:266)
at java.util.concurrent.ThreadPoolExecutor.runWorker(ThreadPoolExecutor.java:1149)
at java.util.concurrent.ThreadPoolExecutor$Worker.run(ThreadPoolExecutor.java:624)
at java.lang.Thread.run(Thread.java:748)
]]>
    </error>
  </testcase> <!-- GOOGLE0 -->
  <testcase name="GOOGLE3" time="0.897" classname="Tests.FirstTest">
    <error type="org.openqa.selenium.WebDriverException" message="Unable to parse remote response: &lt;html&gt;&lt;head&gt;&lt;script src=&#039;/grid/resources/org/openqa/grid/images/jquery-3.1.1.min.js&#039;&gt;&lt;/script&gt;&lt;script src=&#039;/grid/resources/org/openqa/grid/images/consoleservlet.js&#039;&gt;&lt;/script&gt;&lt;link href=&#039;/grid/resources/org/openqa/grid/images/consoleservlet.css&#039; rel=&#039;stylesheet&#039; type=&#039;text/css&#039; /&gt;&lt;link href=&#039;/grid/resources/org/openqa/grid/images/favicon.ico&#039; rel=&#039;icon&#039; type=&#039;image/x-icon&#039; /&gt;&lt;title&gt;Grid Console&lt;/title&gt;&lt;style&gt;.busy { opacity : 0.4;filter: alpha(opacity=40);}&lt;/style&gt;&lt;/head&gt;&lt;body&gt;&lt;div id=&#039;main-content&#039;&gt;&lt;div id=&#039;header&#039;&gt;&lt;h1&gt;&lt;a href=&#039;/grid/console&#039;&gt;Selenium&lt;/a&gt;&lt;/h1&gt;&lt;h2&gt;Grid Console v.3.11.0&lt;/h2&gt;&lt;div&gt;&lt;a id=&#039;helplink&#039; target=&#039;_blank&#039; href=&#039;https://github.com/SeleniumHQ/selenium/wiki/Grid2&#039;&gt;Help&lt;/a&gt;&lt;/div&gt;&lt;/div&gt;&lt;div id=&#039;left-column&#039;&gt;&lt;div class=&#039;proxy&#039;&gt;&lt;p class=&#039;proxyname&#039;&gt;DefaultRemoteProxy (version : 3.11.0)&lt;p class=&#039;proxyid&#039;&gt;id : http://172.18.0.3:5555, OS : LINUX&lt;/p&gt;&lt;div class=&#039;tabs&#039;&gt;&lt;ul&gt;&lt;li class=&#039;tab&#039; type=&#039;browsers&#039;&gt;&lt;a title=&#039;test slots&#039; href=&#039;#&#039;&gt;Browsers&lt;/a&gt;&lt;/li&gt;&lt;li class=&#039;tab&#039; type=&#039;config&#039;&gt;&lt;a title=&#039;node configuration&#039; href=&#039;#&#039;&gt;Configuration&lt;/a&gt;&lt;/li&gt;&lt;/ul&gt;&lt;/div&gt;&lt;div class=&#039;content&#039;&gt;&lt;div type=&#039;browsers&#039; class=&#039;content_detail&#039;&gt;&lt;p class=&#039;protocol&#039; &gt;WebDriver&lt;/p&gt;&lt;p&gt;v:66.0.3359.117&lt;img src=&#039;/grid/resources/org/openqa/grid/images/chrome.png&#039; width=&#039;16&#039; height=&#039;16&#039; title=&#039;{server:CONFIG_UUID=d44a8965-f452-4204-9cab-f4a26e04294a, seleniumProtocol=WebDriver, browserName=chrome, maxInstances=1, platformName=LINUX, version=66.0.3359.117, applicationName=, platform=LINUX}&#039; /&gt;
&lt;/p&gt;&lt;/div&gt;&lt;div type=&#039;config&#039; class=&#039;content_detail&#039;&gt;&lt;p&gt;browserTimeout: 0&lt;/p&gt;&lt;p&gt;debug: false&lt;/p&gt;&lt;p&gt;jettyMaxThreads: -1&lt;/p&gt;&lt;p&gt;port: 5555&lt;/p&gt;&lt;p&gt;role: node&lt;/p&gt;&lt;p&gt;timeout: 1800&lt;/p&gt;&lt;p&gt;cleanUpCycle: 5000&lt;/p&gt;&lt;p&gt;host: 172.18.0.3&lt;/p&gt;&lt;p&gt;maxSession: 1&lt;/p&gt;&lt;p&gt;capabilities: Capabilities {applicationName: , browserName: chrome, maxInstances: 1, platform: LINUX, platformName: LINUX, seleniumProtocol: WebDriver, server:CONFIG_UUID: d44a8965-f452-4204-9cab-f4a..., version: 66.0.3359.117}&lt;/p&gt;&lt;p&gt;downPollingLimit: 2&lt;/p&gt;&lt;p&gt;hub: http://selenium-hub:4444/grid/register&lt;/p&gt;&lt;p&gt;id: http://172.18.0.3:5555&lt;/p&gt;&lt;p&gt;nodePolling: 5000&lt;/p&gt;&lt;p&gt;nodeStatusCheckTimeout: 5000&lt;/p&gt;&lt;p&gt;proxy: org.openqa.grid.selenium.proxy.DefaultRemoteProxy&lt;/p&gt;&lt;p&gt;register: true&lt;/p&gt;&lt;p&gt;registerCycle: 5000&lt;/p&gt;&lt;p&gt;remoteHost: http://172.18.0.3:5555&lt;/p&gt;&lt;p&gt;unregisterIfStillDownAfter: 60000&lt;/p&gt;&lt;/div&gt;&lt;/div&gt;&lt;/div&gt;&lt;/div&gt;&lt;div id=&#039;right-column&#039;&gt;&lt;div class=&#039;proxy&#039;&gt;&lt;p class=&#039;proxyname&#039;&gt;DefaultRemoteProxy (version : 3.11.0)&lt;p class=&#039;proxyid&#039;&gt;id : http://172.18.0.4:5555, OS : LINUX&lt;/p&gt;&lt;div class=&#039;tabs&#039;&gt;&lt;ul&gt;&lt;li class=&#039;tab&#039; type=&#039;browsers&#039;&gt;&lt;a title=&#039;test slots&#039; href=&#039;#&#039;&gt;Browsers&lt;/a&gt;&lt;/li&gt;&lt;li class=&#039;tab&#039; type=&#039;config&#039;&gt;&lt;a title=&#039;node configuration&#039; href=&#039;#&#039;&gt;Configuration&lt;/a&gt;&lt;/li&gt;&lt;/ul&gt;&lt;/div&gt;&lt;div class=&#039;content&#039;&gt;&lt;div type=&#039;browsers&#039; class=&#039;content_detail&#039;&gt;&lt;p class=&#039;protocol&#039; &gt;WebDriver&lt;/p&gt;&lt;p&gt;v:59.0.2&lt;img src=&#039;/grid/resources/org/openqa/grid/images/firefox.png&#039; width=&#039;16&#039; height=&#039;16&#039; title=&#039;{server:CONFIG_UUID=87406c19-b1ea-4bb8-85b2-3b246a82c88c, seleniumProtocol=WebDriver, browserName=firefox, maxInstances=1, moz:firefoxOptions={log={level=info}}, platformName=LINUX, version=59.0.2, applicationName=, platform=LINUX}&#039; /&gt;
&lt;/p&gt;&lt;/div&gt;&lt;div type=&#039;config&#039; class=&#039;content_detail&#039;&gt;&lt;p&gt;browserTimeout: 0&lt;/p&gt;&lt;p&gt;debug: false&lt;/p&gt;&lt;p&gt;jettyMaxThreads: -1&lt;/p&gt;&lt;p&gt;port: 5555&lt;/p&gt;&lt;p&gt;role: node&lt;/p&gt;&lt;p&gt;timeout: 1800&lt;/p&gt;&lt;p&gt;cleanUpCycle: 5000&lt;/p&gt;&lt;p&gt;host: 172.18.0.4&lt;/p&gt;&lt;p&gt;maxSession: 1&lt;/p&gt;&lt;p&gt;capabilities: Capabilities {applicationName: , browserName: firefox, maxInstances: 1, moz:firefoxOptions: {log: {level: info}}, platform: LINUX, platformName: LINUX, seleniumProtocol: WebDriver, server:CONFIG_UUID: 87406c19-b1ea-4bb8-85b2-3b2..., version: 59.0.2}&lt;/p&gt;&lt;p&gt;downPollingLimit: 2&lt;/p&gt;&lt;p&gt;hub: http://selenium-hub:4444/grid/register&lt;/p&gt;&lt;p&gt;id: http://172.18.0.4:5555&lt;/p&gt;&lt;p&gt;nodePolling: 5000&lt;/p&gt;&lt;p&gt;nodeStatusCheckTimeout: 5000&lt;/p&gt;&lt;p&gt;proxy: org.openqa.grid.selenium.proxy.DefaultRemoteProxy&lt;/p&gt;&lt;p&gt;register: true&lt;/p&gt;&lt;p&gt;registerCycle: 5000&lt;/p&gt;&lt;p&gt;remoteHost: http://172.18.0.4:5555&lt;/p&gt;&lt;p&gt;unregisterIfStillDownAfter: 60000&lt;/p&gt;&lt;/div&gt;&lt;/div&gt;&lt;/div&gt;&lt;/div&gt;&lt;div class=&#039;clearfix&#039;&gt;&lt;/div&gt;&lt;div&gt;&lt;ul&gt;&lt;/ul&gt;&lt;/div&gt;&lt;a href=&#039;?config=true&amp;configDebug=true&#039;&gt;view config&lt;/a&gt;&lt;/div&gt;&lt;/body&gt;&lt;/html&gt;
Build info: version: &#039;3.11.0&#039;, revision: &#039;e59cfb3&#039;, time: &#039;2018-03-11T20:26:55.152Z&#039;
System info: host: &#039;INLaptop135.local&#039;, ip: &#039;fe80:0:0:0:14db:5a0:1e5c:3fc4%en0&#039;, os.name: &#039;Mac OS X&#039;, os.arch: &#039;x86_64&#039;, os.version: &#039;10.13.6&#039;, java.version: &#039;1.8.0_191&#039;
Driver info: driver.version: RemoteWebDriver">
      <![CDATA[org.openqa.selenium.WebDriverException: Unable to parse remote response: <html><head><script src='/grid/resources/org/openqa/grid/images/jquery-3.1.1.min.js'></script><script src='/grid/resources/org/openqa/grid/images/consoleservlet.js'></script><link href='/grid/resources/org/openqa/grid/images/consoleservlet.css' rel='stylesheet' type='text/css' /><link href='/grid/resources/org/openqa/grid/images/favicon.ico' rel='icon' type='image/x-icon' /><title>Grid Console</title><style>.busy { opacity : 0.4;filter: alpha(opacity=40);}</style></head><body><div id='main-content'><div id='header'><h1><a href='/grid/console'>Selenium</a></h1><h2>Grid Console v.3.11.0</h2><div><a id='helplink' target='_blank' href='https://github.com/SeleniumHQ/selenium/wiki/Grid2'>Help</a></div></div><div id='left-column'><div class='proxy'><p class='proxyname'>DefaultRemoteProxy (version : 3.11.0)<p class='proxyid'>id : http://172.18.0.3:5555, OS : LINUX</p><div class='tabs'><ul><li class='tab' type='browsers'><a title='test slots' href='#'>Browsers</a></li><li class='tab' type='config'><a title='node configuration' href='#'>Configuration</a></li></ul></div><div class='content'><div type='browsers' class='content_detail'><p class='protocol' >WebDriver</p><p>v:66.0.3359.117<img src='/grid/resources/org/openqa/grid/images/chrome.png' width='16' height='16' title='{server:CONFIG_UUID=d44a8965-f452-4204-9cab-f4a26e04294a, seleniumProtocol=WebDriver, browserName=chrome, maxInstances=1, platformName=LINUX, version=66.0.3359.117, applicationName=, platform=LINUX}' />
</p></div><div type='config' class='content_detail'><p>browserTimeout: 0</p><p>debug: false</p><p>jettyMaxThreads: -1</p><p>port: 5555</p><p>role: node</p><p>timeout: 1800</p><p>cleanUpCycle: 5000</p><p>host: 172.18.0.3</p><p>maxSession: 1</p><p>capabilities: Capabilities {applicationName: , browserName: chrome, maxInstances: 1, platform: LINUX, platformName: LINUX, seleniumProtocol: WebDriver, server:CONFIG_UUID: d44a8965-f452-4204-9cab-f4a..., version: 66.0.3359.117}</p><p>downPollingLimit: 2</p><p>hub: http://selenium-hub:4444/grid/register</p><p>id: http://172.18.0.3:5555</p><p>nodePolling: 5000</p><p>nodeStatusCheckTimeout: 5000</p><p>proxy: org.openqa.grid.selenium.proxy.DefaultRemoteProxy</p><p>register: true</p><p>registerCycle: 5000</p><p>remoteHost: http://172.18.0.3:5555</p><p>unregisterIfStillDownAfter: 60000</p></div></div></div></div><div id='right-column'><div class='proxy'><p class='proxyname'>DefaultRemoteProxy (version : 3.11.0)<p class='proxyid'>id : http://172.18.0.4:5555, OS : LINUX</p><div class='tabs'><ul><li class='tab' type='browsers'><a title='test slots' href='#'>Browsers</a></li><li class='tab' type='config'><a title='node configuration' href='#'>Configuration</a></li></ul></div><div class='content'><div type='browsers' class='content_detail'><p class='protocol' >WebDriver</p><p>v:59.0.2<img src='/grid/resources/org/openqa/grid/images/firefox.png' width='16' height='16' title='{server:CONFIG_UUID=87406c19-b1ea-4bb8-85b2-3b246a82c88c, seleniumProtocol=WebDriver, browserName=firefox, maxInstances=1, moz:firefoxOptions={log={level=info}}, platformName=LINUX, version=59.0.2, applicationName=, platform=LINUX}' />
</p></div><div type='config' class='content_detail'><p>browserTimeout: 0</p><p>debug: false</p><p>jettyMaxThreads: -1</p><p>port: 5555</p><p>role: node</p><p>timeout: 1800</p><p>cleanUpCycle: 5000</p><p>host: 172.18.0.4</p><p>maxSession: 1</p><p>capabilities: Capabilities {applicationName: , browserName: firefox, maxInstances: 1, moz:firefoxOptions: {log: {level: info}}, platform: LINUX, platformName: LINUX, seleniumProtocol: WebDriver, server:CONFIG_UUID: 87406c19-b1ea-4bb8-85b2-3b2..., version: 59.0.2}</p><p>downPollingLimit: 2</p><p>hub: http://selenium-hub:4444/grid/register</p><p>id: http://172.18.0.4:5555</p><p>nodePolling: 5000</p><p>nodeStatusCheckTimeout: 5000</p><p>proxy: org.openqa.grid.selenium.proxy.DefaultRemoteProxy</p><p>register: true</p><p>registerCycle: 5000</p><p>remoteHost: http://172.18.0.4:5555</p><p>unregisterIfStillDownAfter: 60000</p></div></div></div></div><div class='clearfix'></div><div><ul></ul></div><a href='?config=true&configDebug=true'>view config</a></div></body></html>
Build info: version: '3.11.0', revision: 'e59cfb3', time: '2018-03-11T20:26:55.152Z'
System info: host: 'INLaptop135.local', ip: 'fe80:0:0:0:14db:5a0:1e5c:3fc4%en0', os.name: 'Mac OS X', os.arch: 'x86_64', os.version: '10.13.6', java.version: '1.8.0_191'
Driver info: driver.version: RemoteWebDriver
at org.openqa.selenium.remote.ProtocolHandshake.createSession(ProtocolHandshake.java:111)
at org.openqa.selenium.remote.ProtocolHandshake.createSession(ProtocolHandshake.java:73)
at org.openqa.selenium.remote.HttpCommandExecutor.execute(HttpCommandExecutor.java:136)
at org.openqa.selenium.remote.RemoteWebDriver.execute(RemoteWebDriver.java:545)
at org.openqa.selenium.remote.RemoteWebDriver.startSession(RemoteWebDriver.java:209)
at org.openqa.selenium.remote.RemoteWebDriver.<init>(RemoteWebDriver.java:132)
at org.openqa.selenium.remote.RemoteWebDriver.<init>(RemoteWebDriver.java:145)
at DriverFactory.TLDriverFactory.setDriver(TLDriverFactory.java:45)
at Listener.InvokedMethodListener.beforeInvocation(InvokedMethodListener.java:17)
at org.testng.internal.invokers.InvokedMethodListenerInvoker$InvokeBeforeInvocationWithoutContextStrategy.callMethod(InvokedMethodListenerInvoker.java:84)
at org.testng.internal.invokers.InvokedMethodListenerInvoker.invokeListener(InvokedMethodListenerInvoker.java:62)
at org.testng.internal.Invoker.runInvokedMethodListeners(Invoker.java:490)
at org.testng.internal.Invoker.invokeMethod(Invoker.java:560)
at org.testng.internal.Invoker.invokeTestMethod(Invoker.java:716)
at org.testng.internal.Invoker.invokeTestMethods(Invoker.java:988)
at org.testng.internal.TestMethodWorker.invokeTestMethods(TestMethodWorker.java:125)
at org.testng.internal.TestMethodWorker.run(TestMethodWorker.java:109)
at org.testng.TestRunner.privateRun(TestRunner.java:648)
at org.testng.TestRunner.run(TestRunner.java:505)
at org.testng.SuiteRunner.runTest(SuiteRunner.java:455)
at org.testng.SuiteRunner.access$000(SuiteRunner.java:40)
at org.testng.SuiteRunner$SuiteWorker.run(SuiteRunner.java:489)
at org.testng.internal.thread.ThreadUtil$1.call(ThreadUtil.java:52)
at java.util.concurrent.FutureTask.run(FutureTask.java:266)
at java.util.concurrent.ThreadPoolExecutor.runWorker(ThreadPoolExecutor.java:1149)
at java.util.concurrent.ThreadPoolExecutor$Worker.run(ThreadPoolExecutor.java:624)
at java.lang.Thread.run(Thread.java:748)
]]>
    </error>
  </testcase> <!-- GOOGLE3 -->
  <testcase name="GOOGLE4" time="0.904" classname="Tests.FirstTest">
    <error type="org.openqa.selenium.WebDriverException" message="Unable to parse remote response: &lt;html&gt;&lt;head&gt;&lt;script src=&#039;/grid/resources/org/openqa/grid/images/jquery-3.1.1.min.js&#039;&gt;&lt;/script&gt;&lt;script src=&#039;/grid/resources/org/openqa/grid/images/consoleservlet.js&#039;&gt;&lt;/script&gt;&lt;link href=&#039;/grid/resources/org/openqa/grid/images/consoleservlet.css&#039; rel=&#039;stylesheet&#039; type=&#039;text/css&#039; /&gt;&lt;link href=&#039;/grid/resources/org/openqa/grid/images/favicon.ico&#039; rel=&#039;icon&#039; type=&#039;image/x-icon&#039; /&gt;&lt;title&gt;Grid Console&lt;/title&gt;&lt;style&gt;.busy { opacity : 0.4;filter: alpha(opacity=40);}&lt;/style&gt;&lt;/head&gt;&lt;body&gt;&lt;div id=&#039;main-content&#039;&gt;&lt;div id=&#039;header&#039;&gt;&lt;h1&gt;&lt;a href=&#039;/grid/console&#039;&gt;Selenium&lt;/a&gt;&lt;/h1&gt;&lt;h2&gt;Grid Console v.3.11.0&lt;/h2&gt;&lt;div&gt;&lt;a id=&#039;helplink&#039; target=&#039;_blank&#039; href=&#039;https://github.com/SeleniumHQ/selenium/wiki/Grid2&#039;&gt;Help&lt;/a&gt;&lt;/div&gt;&lt;/div&gt;&lt;div id=&#039;left-column&#039;&gt;&lt;div class=&#039;proxy&#039;&gt;&lt;p class=&#039;proxyname&#039;&gt;DefaultRemoteProxy (version : 3.11.0)&lt;p class=&#039;proxyid&#039;&gt;id : http://172.18.0.3:5555, OS : LINUX&lt;/p&gt;&lt;div class=&#039;tabs&#039;&gt;&lt;ul&gt;&lt;li class=&#039;tab&#039; type=&#039;browsers&#039;&gt;&lt;a title=&#039;test slots&#039; href=&#039;#&#039;&gt;Browsers&lt;/a&gt;&lt;/li&gt;&lt;li class=&#039;tab&#039; type=&#039;config&#039;&gt;&lt;a title=&#039;node configuration&#039; href=&#039;#&#039;&gt;Configuration&lt;/a&gt;&lt;/li&gt;&lt;/ul&gt;&lt;/div&gt;&lt;div class=&#039;content&#039;&gt;&lt;div type=&#039;browsers&#039; class=&#039;content_detail&#039;&gt;&lt;p class=&#039;protocol&#039; &gt;WebDriver&lt;/p&gt;&lt;p&gt;v:66.0.3359.117&lt;img src=&#039;/grid/resources/org/openqa/grid/images/chrome.png&#039; width=&#039;16&#039; height=&#039;16&#039; title=&#039;{server:CONFIG_UUID=d44a8965-f452-4204-9cab-f4a26e04294a, seleniumProtocol=WebDriver, browserName=chrome, maxInstances=1, platformName=LINUX, version=66.0.3359.117, applicationName=, platform=LINUX}&#039; /&gt;
&lt;/p&gt;&lt;/div&gt;&lt;div type=&#039;config&#039; class=&#039;content_detail&#039;&gt;&lt;p&gt;browserTimeout: 0&lt;/p&gt;&lt;p&gt;debug: false&lt;/p&gt;&lt;p&gt;jettyMaxThreads: -1&lt;/p&gt;&lt;p&gt;port: 5555&lt;/p&gt;&lt;p&gt;role: node&lt;/p&gt;&lt;p&gt;timeout: 1800&lt;/p&gt;&lt;p&gt;cleanUpCycle: 5000&lt;/p&gt;&lt;p&gt;host: 172.18.0.3&lt;/p&gt;&lt;p&gt;maxSession: 1&lt;/p&gt;&lt;p&gt;capabilities: Capabilities {applicationName: , browserName: chrome, maxInstances: 1, platform: LINUX, platformName: LINUX, seleniumProtocol: WebDriver, server:CONFIG_UUID: d44a8965-f452-4204-9cab-f4a..., version: 66.0.3359.117}&lt;/p&gt;&lt;p&gt;downPollingLimit: 2&lt;/p&gt;&lt;p&gt;hub: http://selenium-hub:4444/grid/register&lt;/p&gt;&lt;p&gt;id: http://172.18.0.3:5555&lt;/p&gt;&lt;p&gt;nodePolling: 5000&lt;/p&gt;&lt;p&gt;nodeStatusCheckTimeout: 5000&lt;/p&gt;&lt;p&gt;proxy: org.openqa.grid.selenium.proxy.DefaultRemoteProxy&lt;/p&gt;&lt;p&gt;register: true&lt;/p&gt;&lt;p&gt;registerCycle: 5000&lt;/p&gt;&lt;p&gt;remoteHost: http://172.18.0.3:5555&lt;/p&gt;&lt;p&gt;unregisterIfStillDownAfter: 60000&lt;/p&gt;&lt;/div&gt;&lt;/div&gt;&lt;/div&gt;&lt;/div&gt;&lt;div id=&#039;right-column&#039;&gt;&lt;div class=&#039;proxy&#039;&gt;&lt;p class=&#039;proxyname&#039;&gt;DefaultRemoteProxy (version : 3.11.0)&lt;p class=&#039;proxyid&#039;&gt;id : http://172.18.0.4:5555, OS : LINUX&lt;/p&gt;&lt;div class=&#039;tabs&#039;&gt;&lt;ul&gt;&lt;li class=&#039;tab&#039; type=&#039;browsers&#039;&gt;&lt;a title=&#039;test slots&#039; href=&#039;#&#039;&gt;Browsers&lt;/a&gt;&lt;/li&gt;&lt;li class=&#039;tab&#039; type=&#039;config&#039;&gt;&lt;a title=&#039;node configuration&#039; href=&#039;#&#039;&gt;Configuration&lt;/a&gt;&lt;/li&gt;&lt;/ul&gt;&lt;/div&gt;&lt;div class=&#039;content&#039;&gt;&lt;div type=&#039;browsers&#039; class=&#039;content_detail&#039;&gt;&lt;p class=&#039;protocol&#039; &gt;WebDriver&lt;/p&gt;&lt;p&gt;v:59.0.2&lt;img src=&#039;/grid/resources/org/openqa/grid/images/firefox.png&#039; width=&#039;16&#039; height=&#039;16&#039; title=&#039;{server:CONFIG_UUID=87406c19-b1ea-4bb8-85b2-3b246a82c88c, seleniumProtocol=WebDriver, browserName=firefox, maxInstances=1, moz:firefoxOptions={log={level=info}}, platformName=LINUX, version=59.0.2, applicationName=, platform=LINUX}&#039; /&gt;
&lt;/p&gt;&lt;/div&gt;&lt;div type=&#039;config&#039; class=&#039;content_detail&#039;&gt;&lt;p&gt;browserTimeout: 0&lt;/p&gt;&lt;p&gt;debug: false&lt;/p&gt;&lt;p&gt;jettyMaxThreads: -1&lt;/p&gt;&lt;p&gt;port: 5555&lt;/p&gt;&lt;p&gt;role: node&lt;/p&gt;&lt;p&gt;timeout: 1800&lt;/p&gt;&lt;p&gt;cleanUpCycle: 5000&lt;/p&gt;&lt;p&gt;host: 172.18.0.4&lt;/p&gt;&lt;p&gt;maxSession: 1&lt;/p&gt;&lt;p&gt;capabilities: Capabilities {applicationName: , browserName: firefox, maxInstances: 1, moz:firefoxOptions: {log: {level: info}}, platform: LINUX, platformName: LINUX, seleniumProtocol: WebDriver, server:CONFIG_UUID: 87406c19-b1ea-4bb8-85b2-3b2..., version: 59.0.2}&lt;/p&gt;&lt;p&gt;downPollingLimit: 2&lt;/p&gt;&lt;p&gt;hub: http://selenium-hub:4444/grid/register&lt;/p&gt;&lt;p&gt;id: http://172.18.0.4:5555&lt;/p&gt;&lt;p&gt;nodePolling: 5000&lt;/p&gt;&lt;p&gt;nodeStatusCheckTimeout: 5000&lt;/p&gt;&lt;p&gt;proxy: org.openqa.grid.selenium.proxy.DefaultRemoteProxy&lt;/p&gt;&lt;p&gt;register: true&lt;/p&gt;&lt;p&gt;registerCycle: 5000&lt;/p&gt;&lt;p&gt;remoteHost: http://172.18.0.4:5555&lt;/p&gt;&lt;p&gt;unregisterIfStillDownAfter: 60000&lt;/p&gt;&lt;/div&gt;&lt;/div&gt;&lt;/div&gt;&lt;/div&gt;&lt;div class=&#039;clearfix&#039;&gt;&lt;/div&gt;&lt;div&gt;&lt;ul&gt;&lt;/ul&gt;&lt;/div&gt;&lt;a href=&#039;?config=true&amp;configDebug=true&#039;&gt;view config&lt;/a&gt;&lt;/div&gt;&lt;/body&gt;&lt;/html&gt;
Build info: version: &#039;3.11.0&#039;, revision: &#039;e59cfb3&#039;, time: &#039;2018-03-11T20:26:55.152Z&#039;
System info: host: &#039;INLaptop135.local&#039;, ip: &#039;fe80:0:0:0:14db:5a0:1e5c:3fc4%en0&#039;, os.name: &#039;Mac OS X&#039;, os.arch: &#039;x86_64&#039;, os.version: &#039;10.13.6&#039;, java.version: &#039;1.8.0_191&#039;
Driver info: driver.version: RemoteWebDriver">
      <![CDATA[org.openqa.selenium.WebDriverException: Unable to parse remote response: <html><head><script src='/grid/resources/org/openqa/grid/images/jquery-3.1.1.min.js'></script><script src='/grid/resources/org/openqa/grid/images/consoleservlet.js'></script><link href='/grid/resources/org/openqa/grid/images/consoleservlet.css' rel='stylesheet' type='text/css' /><link href='/grid/resources/org/openqa/grid/images/favicon.ico' rel='icon' type='image/x-icon' /><title>Grid Console</title><style>.busy { opacity : 0.4;filter: alpha(opacity=40);}</style></head><body><div id='main-content'><div id='header'><h1><a href='/grid/console'>Selenium</a></h1><h2>Grid Console v.3.11.0</h2><div><a id='helplink' target='_blank' href='https://github.com/SeleniumHQ/selenium/wiki/Grid2'>Help</a></div></div><div id='left-column'><div class='proxy'><p class='proxyname'>DefaultRemoteProxy (version : 3.11.0)<p class='proxyid'>id : http://172.18.0.3:5555, OS : LINUX</p><div class='tabs'><ul><li class='tab' type='browsers'><a title='test slots' href='#'>Browsers</a></li><li class='tab' type='config'><a title='node configuration' href='#'>Configuration</a></li></ul></div><div class='content'><div type='browsers' class='content_detail'><p class='protocol' >WebDriver</p><p>v:66.0.3359.117<img src='/grid/resources/org/openqa/grid/images/chrome.png' width='16' height='16' title='{server:CONFIG_UUID=d44a8965-f452-4204-9cab-f4a26e04294a, seleniumProtocol=WebDriver, browserName=chrome, maxInstances=1, platformName=LINUX, version=66.0.3359.117, applicationName=, platform=LINUX}' />
</p></div><div type='config' class='content_detail'><p>browserTimeout: 0</p><p>debug: false</p><p>jettyMaxThreads: -1</p><p>port: 5555</p><p>role: node</p><p>timeout: 1800</p><p>cleanUpCycle: 5000</p><p>host: 172.18.0.3</p><p>maxSession: 1</p><p>capabilities: Capabilities {applicationName: , browserName: chrome, maxInstances: 1, platform: LINUX, platformName: LINUX, seleniumProtocol: WebDriver, server:CONFIG_UUID: d44a8965-f452-4204-9cab-f4a..., version: 66.0.3359.117}</p><p>downPollingLimit: 2</p><p>hub: http://selenium-hub:4444/grid/register</p><p>id: http://172.18.0.3:5555</p><p>nodePolling: 5000</p><p>nodeStatusCheckTimeout: 5000</p><p>proxy: org.openqa.grid.selenium.proxy.DefaultRemoteProxy</p><p>register: true</p><p>registerCycle: 5000</p><p>remoteHost: http://172.18.0.3:5555</p><p>unregisterIfStillDownAfter: 60000</p></div></div></div></div><div id='right-column'><div class='proxy'><p class='proxyname'>DefaultRemoteProxy (version : 3.11.0)<p class='proxyid'>id : http://172.18.0.4:5555, OS : LINUX</p><div class='tabs'><ul><li class='tab' type='browsers'><a title='test slots' href='#'>Browsers</a></li><li class='tab' type='config'><a title='node configuration' href='#'>Configuration</a></li></ul></div><div class='content'><div type='browsers' class='content_detail'><p class='protocol' >WebDriver</p><p>v:59.0.2<img src='/grid/resources/org/openqa/grid/images/firefox.png' width='16' height='16' title='{server:CONFIG_UUID=87406c19-b1ea-4bb8-85b2-3b246a82c88c, seleniumProtocol=WebDriver, browserName=firefox, maxInstances=1, moz:firefoxOptions={log={level=info}}, platformName=LINUX, version=59.0.2, applicationName=, platform=LINUX}' />
</p></div><div type='config' class='content_detail'><p>browserTimeout: 0</p><p>debug: false</p><p>jettyMaxThreads: -1</p><p>port: 5555</p><p>role: node</p><p>timeout: 1800</p><p>cleanUpCycle: 5000</p><p>host: 172.18.0.4</p><p>maxSession: 1</p><p>capabilities: Capabilities {applicationName: , browserName: firefox, maxInstances: 1, moz:firefoxOptions: {log: {level: info}}, platform: LINUX, platformName: LINUX, seleniumProtocol: WebDriver, server:CONFIG_UUID: 87406c19-b1ea-4bb8-85b2-3b2..., version: 59.0.2}</p><p>downPollingLimit: 2</p><p>hub: http://selenium-hub:4444/grid/register</p><p>id: http://172.18.0.4:5555</p><p>nodePolling: 5000</p><p>nodeStatusCheckTimeout: 5000</p><p>proxy: org.openqa.grid.selenium.proxy.DefaultRemoteProxy</p><p>register: true</p><p>registerCycle: 5000</p><p>remoteHost: http://172.18.0.4:5555</p><p>unregisterIfStillDownAfter: 60000</p></div></div></div></div><div class='clearfix'></div><div><ul></ul></div><a href='?config=true&configDebug=true'>view config</a></div></body></html>
Build info: version: '3.11.0', revision: 'e59cfb3', time: '2018-03-11T20:26:55.152Z'
System info: host: 'INLaptop135.local', ip: 'fe80:0:0:0:14db:5a0:1e5c:3fc4%en0', os.name: 'Mac OS X', os.arch: 'x86_64', os.version: '10.13.6', java.version: '1.8.0_191'
Driver info: driver.version: RemoteWebDriver
at org.openqa.selenium.remote.ProtocolHandshake.createSession(ProtocolHandshake.java:111)
at org.openqa.selenium.remote.ProtocolHandshake.createSession(ProtocolHandshake.java:73)
at org.openqa.selenium.remote.HttpCommandExecutor.execute(HttpCommandExecutor.java:136)
at org.openqa.selenium.remote.RemoteWebDriver.execute(RemoteWebDriver.java:545)
at org.openqa.selenium.remote.RemoteWebDriver.startSession(RemoteWebDriver.java:209)
at org.openqa.selenium.remote.RemoteWebDriver.<init>(RemoteWebDriver.java:132)
at org.openqa.selenium.remote.RemoteWebDriver.<init>(RemoteWebDriver.java:145)
at DriverFactory.TLDriverFactory.setDriver(TLDriverFactory.java:45)
at Listener.InvokedMethodListener.beforeInvocation(InvokedMethodListener.java:17)
at org.testng.internal.invokers.InvokedMethodListenerInvoker$InvokeBeforeInvocationWithoutContextStrategy.callMethod(InvokedMethodListenerInvoker.java:84)
at org.testng.internal.invokers.InvokedMethodListenerInvoker.invokeListener(InvokedMethodListenerInvoker.java:62)
at org.testng.internal.Invoker.runInvokedMethodListeners(Invoker.java:490)
at org.testng.internal.Invoker.invokeMethod(Invoker.java:560)
at org.testng.internal.Invoker.invokeTestMethod(Invoker.java:716)
at org.testng.internal.Invoker.invokeTestMethods(Invoker.java:988)
at org.testng.internal.TestMethodWorker.invokeTestMethods(TestMethodWorker.java:125)
at org.testng.internal.TestMethodWorker.run(TestMethodWorker.java:109)
at org.testng.TestRunner.privateRun(TestRunner.java:648)
at org.testng.TestRunner.run(TestRunner.java:505)
at org.testng.SuiteRunner.runTest(SuiteRunner.java:455)
at org.testng.SuiteRunner.access$000(SuiteRunner.java:40)
at org.testng.SuiteRunner$SuiteWorker.run(SuiteRunner.java:489)
at org.testng.internal.thread.ThreadUtil$1.call(ThreadUtil.java:52)
at java.util.concurrent.FutureTask.run(FutureTask.java:266)
at java.util.concurrent.ThreadPoolExecutor.runWorker(ThreadPoolExecutor.java:1149)
at java.util.concurrent.ThreadPoolExecutor$Worker.run(ThreadPoolExecutor.java:624)
at java.lang.Thread.run(Thread.java:748)
]]>
    </error>
  </testcase> <!-- GOOGLE4 -->
  <testcase name="GOOGLE2" time="1.053" classname="Tests.FirstTest">
    <error type="org.openqa.selenium.WebDriverException" message="Unable to parse remote response: &lt;html&gt;&lt;head&gt;&lt;script src=&#039;/grid/resources/org/openqa/grid/images/jquery-3.1.1.min.js&#039;&gt;&lt;/script&gt;&lt;script src=&#039;/grid/resources/org/openqa/grid/images/consoleservlet.js&#039;&gt;&lt;/script&gt;&lt;link href=&#039;/grid/resources/org/openqa/grid/images/consoleservlet.css&#039; rel=&#039;stylesheet&#039; type=&#039;text/css&#039; /&gt;&lt;link href=&#039;/grid/resources/org/openqa/grid/images/favicon.ico&#039; rel=&#039;icon&#039; type=&#039;image/x-icon&#039; /&gt;&lt;title&gt;Grid Console&lt;/title&gt;&lt;style&gt;.busy { opacity : 0.4;filter: alpha(opacity=40);}&lt;/style&gt;&lt;/head&gt;&lt;body&gt;&lt;div id=&#039;main-content&#039;&gt;&lt;div id=&#039;header&#039;&gt;&lt;h1&gt;&lt;a href=&#039;/grid/console&#039;&gt;Selenium&lt;/a&gt;&lt;/h1&gt;&lt;h2&gt;Grid Console v.3.11.0&lt;/h2&gt;&lt;div&gt;&lt;a id=&#039;helplink&#039; target=&#039;_blank&#039; href=&#039;https://github.com/SeleniumHQ/selenium/wiki/Grid2&#039;&gt;Help&lt;/a&gt;&lt;/div&gt;&lt;/div&gt;&lt;div id=&#039;left-column&#039;&gt;&lt;div class=&#039;proxy&#039;&gt;&lt;p class=&#039;proxyname&#039;&gt;DefaultRemoteProxy (version : 3.11.0)&lt;p class=&#039;proxyid&#039;&gt;id : http://172.18.0.3:5555, OS : LINUX&lt;/p&gt;&lt;div class=&#039;tabs&#039;&gt;&lt;ul&gt;&lt;li class=&#039;tab&#039; type=&#039;browsers&#039;&gt;&lt;a title=&#039;test slots&#039; href=&#039;#&#039;&gt;Browsers&lt;/a&gt;&lt;/li&gt;&lt;li class=&#039;tab&#039; type=&#039;config&#039;&gt;&lt;a title=&#039;node configuration&#039; href=&#039;#&#039;&gt;Configuration&lt;/a&gt;&lt;/li&gt;&lt;/ul&gt;&lt;/div&gt;&lt;div class=&#039;content&#039;&gt;&lt;div type=&#039;browsers&#039; class=&#039;content_detail&#039;&gt;&lt;p class=&#039;protocol&#039; &gt;WebDriver&lt;/p&gt;&lt;p&gt;v:66.0.3359.117&lt;img src=&#039;/grid/resources/org/openqa/grid/images/chrome.png&#039; width=&#039;16&#039; height=&#039;16&#039; title=&#039;{server:CONFIG_UUID=d44a8965-f452-4204-9cab-f4a26e04294a, seleniumProtocol=WebDriver, browserName=chrome, maxInstances=1, platformName=LINUX, version=66.0.3359.117, applicationName=, platform=LINUX}&#039; /&gt;
&lt;/p&gt;&lt;/div&gt;&lt;div type=&#039;config&#039; class=&#039;content_detail&#039;&gt;&lt;p&gt;browserTimeout: 0&lt;/p&gt;&lt;p&gt;debug: false&lt;/p&gt;&lt;p&gt;jettyMaxThreads: -1&lt;/p&gt;&lt;p&gt;port: 5555&lt;/p&gt;&lt;p&gt;role: node&lt;/p&gt;&lt;p&gt;timeout: 1800&lt;/p&gt;&lt;p&gt;cleanUpCycle: 5000&lt;/p&gt;&lt;p&gt;host: 172.18.0.3&lt;/p&gt;&lt;p&gt;maxSession: 1&lt;/p&gt;&lt;p&gt;capabilities: Capabilities {applicationName: , browserName: chrome, maxInstances: 1, platform: LINUX, platformName: LINUX, seleniumProtocol: WebDriver, server:CONFIG_UUID: d44a8965-f452-4204-9cab-f4a..., version: 66.0.3359.117}&lt;/p&gt;&lt;p&gt;downPollingLimit: 2&lt;/p&gt;&lt;p&gt;hub: http://selenium-hub:4444/grid/register&lt;/p&gt;&lt;p&gt;id: http://172.18.0.3:5555&lt;/p&gt;&lt;p&gt;nodePolling: 5000&lt;/p&gt;&lt;p&gt;nodeStatusCheckTimeout: 5000&lt;/p&gt;&lt;p&gt;proxy: org.openqa.grid.selenium.proxy.DefaultRemoteProxy&lt;/p&gt;&lt;p&gt;register: true&lt;/p&gt;&lt;p&gt;registerCycle: 5000&lt;/p&gt;&lt;p&gt;remoteHost: http://172.18.0.3:5555&lt;/p&gt;&lt;p&gt;unregisterIfStillDownAfter: 60000&lt;/p&gt;&lt;/div&gt;&lt;/div&gt;&lt;/div&gt;&lt;/div&gt;&lt;div id=&#039;right-column&#039;&gt;&lt;div class=&#039;proxy&#039;&gt;&lt;p class=&#039;proxyname&#039;&gt;DefaultRemoteProxy (version : 3.11.0)&lt;p class=&#039;proxyid&#039;&gt;id : http://172.18.0.4:5555, OS : LINUX&lt;/p&gt;&lt;div class=&#039;tabs&#039;&gt;&lt;ul&gt;&lt;li class=&#039;tab&#039; type=&#039;browsers&#039;&gt;&lt;a title=&#039;test slots&#039; href=&#039;#&#039;&gt;Browsers&lt;/a&gt;&lt;/li&gt;&lt;li class=&#039;tab&#039; type=&#039;config&#039;&gt;&lt;a title=&#039;node configuration&#039; href=&#039;#&#039;&gt;Configuration&lt;/a&gt;&lt;/li&gt;&lt;/ul&gt;&lt;/div&gt;&lt;div class=&#039;content&#039;&gt;&lt;div type=&#039;browsers&#039; class=&#039;content_detail&#039;&gt;&lt;p class=&#039;protocol&#039; &gt;WebDriver&lt;/p&gt;&lt;p&gt;v:59.0.2&lt;img src=&#039;/grid/resources/org/openqa/grid/images/firefox.png&#039; width=&#039;16&#039; height=&#039;16&#039; title=&#039;{server:CONFIG_UUID=87406c19-b1ea-4bb8-85b2-3b246a82c88c, seleniumProtocol=WebDriver, browserName=firefox, maxInstances=1, moz:firefoxOptions={log={level=info}}, platformName=LINUX, version=59.0.2, applicationName=, platform=LINUX}&#039; /&gt;
&lt;/p&gt;&lt;/div&gt;&lt;div type=&#039;config&#039; class=&#039;content_detail&#039;&gt;&lt;p&gt;browserTimeout: 0&lt;/p&gt;&lt;p&gt;debug: false&lt;/p&gt;&lt;p&gt;jettyMaxThreads: -1&lt;/p&gt;&lt;p&gt;port: 5555&lt;/p&gt;&lt;p&gt;role: node&lt;/p&gt;&lt;p&gt;timeout: 1800&lt;/p&gt;&lt;p&gt;cleanUpCycle: 5000&lt;/p&gt;&lt;p&gt;host: 172.18.0.4&lt;/p&gt;&lt;p&gt;maxSession: 1&lt;/p&gt;&lt;p&gt;capabilities: Capabilities {applicationName: , browserName: firefox, maxInstances: 1, moz:firefoxOptions: {log: {level: info}}, platform: LINUX, platformName: LINUX, seleniumProtocol: WebDriver, server:CONFIG_UUID: 87406c19-b1ea-4bb8-85b2-3b2..., version: 59.0.2}&lt;/p&gt;&lt;p&gt;downPollingLimit: 2&lt;/p&gt;&lt;p&gt;hub: http://selenium-hub:4444/grid/register&lt;/p&gt;&lt;p&gt;id: http://172.18.0.4:5555&lt;/p&gt;&lt;p&gt;nodePolling: 5000&lt;/p&gt;&lt;p&gt;nodeStatusCheckTimeout: 5000&lt;/p&gt;&lt;p&gt;proxy: org.openqa.grid.selenium.proxy.DefaultRemoteProxy&lt;/p&gt;&lt;p&gt;register: true&lt;/p&gt;&lt;p&gt;registerCycle: 5000&lt;/p&gt;&lt;p&gt;remoteHost: http://172.18.0.4:5555&lt;/p&gt;&lt;p&gt;unregisterIfStillDownAfter: 60000&lt;/p&gt;&lt;/div&gt;&lt;/div&gt;&lt;/div&gt;&lt;/div&gt;&lt;div class=&#039;clearfix&#039;&gt;&lt;/div&gt;&lt;div&gt;&lt;ul&gt;&lt;/ul&gt;&lt;/div&gt;&lt;a href=&#039;?config=true&amp;configDebug=true&#039;&gt;view config&lt;/a&gt;&lt;/div&gt;&lt;/body&gt;&lt;/html&gt;
Build info: version: &#039;3.11.0&#039;, revision: &#039;e59cfb3&#039;, time: &#039;2018-03-11T20:26:55.152Z&#039;
System info: host: &#039;INLaptop135.local&#039;, ip: &#039;fe80:0:0:0:14db:5a0:1e5c:3fc4%en0&#039;, os.name: &#039;Mac OS X&#039;, os.arch: &#039;x86_64&#039;, os.version: &#039;10.13.6&#039;, java.version: &#039;1.8.0_191&#039;
Driver info: driver.version: RemoteWebDriver">
      <![CDATA[org.openqa.selenium.WebDriverException: Unable to parse remote response: <html><head><script src='/grid/resources/org/openqa/grid/images/jquery-3.1.1.min.js'></script><script src='/grid/resources/org/openqa/grid/images/consoleservlet.js'></script><link href='/grid/resources/org/openqa/grid/images/consoleservlet.css' rel='stylesheet' type='text/css' /><link href='/grid/resources/org/openqa/grid/images/favicon.ico' rel='icon' type='image/x-icon' /><title>Grid Console</title><style>.busy { opacity : 0.4;filter: alpha(opacity=40);}</style></head><body><div id='main-content'><div id='header'><h1><a href='/grid/console'>Selenium</a></h1><h2>Grid Console v.3.11.0</h2><div><a id='helplink' target='_blank' href='https://github.com/SeleniumHQ/selenium/wiki/Grid2'>Help</a></div></div><div id='left-column'><div class='proxy'><p class='proxyname'>DefaultRemoteProxy (version : 3.11.0)<p class='proxyid'>id : http://172.18.0.3:5555, OS : LINUX</p><div class='tabs'><ul><li class='tab' type='browsers'><a title='test slots' href='#'>Browsers</a></li><li class='tab' type='config'><a title='node configuration' href='#'>Configuration</a></li></ul></div><div class='content'><div type='browsers' class='content_detail'><p class='protocol' >WebDriver</p><p>v:66.0.3359.117<img src='/grid/resources/org/openqa/grid/images/chrome.png' width='16' height='16' title='{server:CONFIG_UUID=d44a8965-f452-4204-9cab-f4a26e04294a, seleniumProtocol=WebDriver, browserName=chrome, maxInstances=1, platformName=LINUX, version=66.0.3359.117, applicationName=, platform=LINUX}' />
</p></div><div type='config' class='content_detail'><p>browserTimeout: 0</p><p>debug: false</p><p>jettyMaxThreads: -1</p><p>port: 5555</p><p>role: node</p><p>timeout: 1800</p><p>cleanUpCycle: 5000</p><p>host: 172.18.0.3</p><p>maxSession: 1</p><p>capabilities: Capabilities {applicationName: , browserName: chrome, maxInstances: 1, platform: LINUX, platformName: LINUX, seleniumProtocol: WebDriver, server:CONFIG_UUID: d44a8965-f452-4204-9cab-f4a..., version: 66.0.3359.117}</p><p>downPollingLimit: 2</p><p>hub: http://selenium-hub:4444/grid/register</p><p>id: http://172.18.0.3:5555</p><p>nodePolling: 5000</p><p>nodeStatusCheckTimeout: 5000</p><p>proxy: org.openqa.grid.selenium.proxy.DefaultRemoteProxy</p><p>register: true</p><p>registerCycle: 5000</p><p>remoteHost: http://172.18.0.3:5555</p><p>unregisterIfStillDownAfter: 60000</p></div></div></div></div><div id='right-column'><div class='proxy'><p class='proxyname'>DefaultRemoteProxy (version : 3.11.0)<p class='proxyid'>id : http://172.18.0.4:5555, OS : LINUX</p><div class='tabs'><ul><li class='tab' type='browsers'><a title='test slots' href='#'>Browsers</a></li><li class='tab' type='config'><a title='node configuration' href='#'>Configuration</a></li></ul></div><div class='content'><div type='browsers' class='content_detail'><p class='protocol' >WebDriver</p><p>v:59.0.2<img src='/grid/resources/org/openqa/grid/images/firefox.png' width='16' height='16' title='{server:CONFIG_UUID=87406c19-b1ea-4bb8-85b2-3b246a82c88c, seleniumProtocol=WebDriver, browserName=firefox, maxInstances=1, moz:firefoxOptions={log={level=info}}, platformName=LINUX, version=59.0.2, applicationName=, platform=LINUX}' />
</p></div><div type='config' class='content_detail'><p>browserTimeout: 0</p><p>debug: false</p><p>jettyMaxThreads: -1</p><p>port: 5555</p><p>role: node</p><p>timeout: 1800</p><p>cleanUpCycle: 5000</p><p>host: 172.18.0.4</p><p>maxSession: 1</p><p>capabilities: Capabilities {applicationName: , browserName: firefox, maxInstances: 1, moz:firefoxOptions: {log: {level: info}}, platform: LINUX, platformName: LINUX, seleniumProtocol: WebDriver, server:CONFIG_UUID: 87406c19-b1ea-4bb8-85b2-3b2..., version: 59.0.2}</p><p>downPollingLimit: 2</p><p>hub: http://selenium-hub:4444/grid/register</p><p>id: http://172.18.0.4:5555</p><p>nodePolling: 5000</p><p>nodeStatusCheckTimeout: 5000</p><p>proxy: org.openqa.grid.selenium.proxy.DefaultRemoteProxy</p><p>register: true</p><p>registerCycle: 5000</p><p>remoteHost: http://172.18.0.4:5555</p><p>unregisterIfStillDownAfter: 60000</p></div></div></div></div><div class='clearfix'></div><div><ul></ul></div><a href='?config=true&configDebug=true'>view config</a></div></body></html>
Build info: version: '3.11.0', revision: 'e59cfb3', time: '2018-03-11T20:26:55.152Z'
System info: host: 'INLaptop135.local', ip: 'fe80:0:0:0:14db:5a0:1e5c:3fc4%en0', os.name: 'Mac OS X', os.arch: 'x86_64', os.version: '10.13.6', java.version: '1.8.0_191'
Driver info: driver.version: RemoteWebDriver
at org.openqa.selenium.remote.ProtocolHandshake.createSession(ProtocolHandshake.java:111)
at org.openqa.selenium.remote.ProtocolHandshake.createSession(ProtocolHandshake.java:73)
at org.openqa.selenium.remote.HttpCommandExecutor.execute(HttpCommandExecutor.java:136)
at org.openqa.selenium.remote.RemoteWebDriver.execute(RemoteWebDriver.java:545)
at org.openqa.selenium.remote.RemoteWebDriver.startSession(RemoteWebDriver.java:209)
at org.openqa.selenium.remote.RemoteWebDriver.<init>(RemoteWebDriver.java:132)
at org.openqa.selenium.remote.RemoteWebDriver.<init>(RemoteWebDriver.java:145)
at DriverFactory.TLDriverFactory.setDriver(TLDriverFactory.java:45)
at Listener.InvokedMethodListener.beforeInvocation(InvokedMethodListener.java:17)
at org.testng.internal.invokers.InvokedMethodListenerInvoker$InvokeBeforeInvocationWithoutContextStrategy.callMethod(InvokedMethodListenerInvoker.java:84)
at org.testng.internal.invokers.InvokedMethodListenerInvoker.invokeListener(InvokedMethodListenerInvoker.java:62)
at org.testng.internal.Invoker.runInvokedMethodListeners(Invoker.java:490)
at org.testng.internal.Invoker.invokeMethod(Invoker.java:560)
at org.testng.internal.Invoker.invokeTestMethod(Invoker.java:716)
at org.testng.internal.Invoker.invokeTestMethods(Invoker.java:988)
at org.testng.internal.TestMethodWorker.invokeTestMethods(TestMethodWorker.java:125)
at org.testng.internal.TestMethodWorker.run(TestMethodWorker.java:109)
at org.testng.TestRunner.privateRun(TestRunner.java:648)
at org.testng.TestRunner.run(TestRunner.java:505)
at org.testng.SuiteRunner.runTest(SuiteRunner.java:455)
at org.testng.SuiteRunner.access$000(SuiteRunner.java:40)
at org.testng.SuiteRunner$SuiteWorker.run(SuiteRunner.java:489)
at org.testng.internal.thread.ThreadUtil$1.call(ThreadUtil.java:52)
at java.util.concurrent.FutureTask.run(FutureTask.java:266)
at java.util.concurrent.ThreadPoolExecutor.runWorker(ThreadPoolExecutor.java:1149)
at java.util.concurrent.ThreadPoolExecutor$Worker.run(ThreadPoolExecutor.java:624)
at java.lang.Thread.run(Thread.java:748)
]]>
    </error>
  </testcase> <!-- GOOGLE2 -->
</testsuite> <!-- Tests.FirstTest -->
