<?xml version="1.0" encoding="UTF-8"?>
<!-- Generated by org.testng.reporters.JUnitReportReporter -->
<testsuite skipped="0" hostname="INLaptop135.local" name="com.avinash.pom.Practise.Localization" tests="1" failures="0" timestamp="28 Dec 2018 05:39:06 GMT" time="6.832" errors="0">
  <testcase name="Test" time="6.832" classname="com.avinash.pom.Practise.Localization"/>
</testsuite> <!-- com.avinash.pom.Practise.Localization -->
