<?xml version="1.0" encoding="UTF-8"?>
<!-- Generated by org.testng.reporters.JUnitReportReporter -->
<testsuite skipped="0" hostname="INLaptop135-2.local" name="com.avinash.pom.Practise.RightClickPart3" tests="1" failures="0" timestamp="24 Jan 2019 12:23:17 GMT" time="16.925" errors="0">
  <testcase name="rightClick" time="16.925" classname="com.avinash.pom.Practise.RightClickPart3"/>
</testsuite> <!-- com.avinash.pom.Practise.RightClickPart3 -->
